RRRRRPRPRRRRRPRPRRRRRPYPYPPPPPPS
RYRYRYRYRYRYRYYLRYRYRYYLYYYLLLLS
RRRPRRRPRRRPRRRPRRRPLRPPLRPPPPPS
RRRRRRRRRRRRRRRPRRRRRRRPRRRPYLLS
RRRRRRRRRRRRRRRPRRRYRYYLRYYLYLLS
RRPPRRPPRRPPRRRPRRRPRRRPRRYPYPLS
RPPSRPPSRRRPRPPSRRRPRPPSRRYPYPPS
RYRYRYRYRYRYRYYLRYRYRYYLYYYLLLLS
RRRPRRRPRRRPRPPSRRRPRRRPRRRPPPPS
RRRYRRRYRRRYRYYPRRRYRYYLRYYLLLLS
PLSSPPSSPPSSRPSSRPSSRPSSRPSSRPSS
YYYYRRPPYYYYRRPPYYYYRRRPRRYPYPLS
RRRRYYRPRPPSRPLSRRRRYYYPYYYPYPLS
RRRRYYPPYYRPRPLSRRRRYYYPYYYPYPLS
RRRRRPRPRRRRRPRPRRRRRPYPPPPPPPPS
YPYPSSSSSRYPLSLSRRYPLSLSRRYPLSLS
LRRPRPPSRRRPRPPSRRRPRRRPRRRPRPPS
RPYPPPPPPPPPPPPPPPPPPPPPPPPPPPPS
RYRYRYRYRYYYYYYLYYYYYYYLYYYLLLLS
RYRPRYRPRRRRRYRPRRRRRYRPRYYLYLLS
RRPPRRPPRRPPRRPPRRPPRRRPRRYPYPLS
RRRRRRRRRRRRRRRPRRRPYLSSRRYPYLSS
RRRPRRRPRRRPRPPSRRRPRRRPRRRPRPPS
RYRYRYRYRYRYRYYPRYRYRYYLYYYLYLLS
YYYYYYYPYYYPSSSSYYYYYYYPYYRPSSSS
RPRPRPRPRPYPYPPPPPPPPPPPPPPPPPPS
RRRRRRRRRRRRRRRPRRRRRRRPRYYLYLLS
RRRRRRRRRRRRRYRPRRRRRYRPYYYPYLLS
RRRRRRRRRRRYRRRPRRRYRRRPYLLLLLLS
RRRPPSPSRRRPPSPSRRRPRPPSRRRPPPPS
RRRRRYRPRRRPLLLSRRRRRRRPLLLLLLLS
RRYPYPSSRRYPYPSSRRYPYLSSRRYPSSSS
RYRPRYRPRYRPRYRPRYRPRYRPRPPPPPPS
RRRYRRRYRRRYRYRPRRRYRYYLYLSSYLLS
RYRYRYRYRYRYRYYPRYRYRYYLRYYLLSLS
RPRPRPPSRPRPRPPSPPPPPPPSPPPPPPPS
YYPPYYPPYYPPYYPPYYPPRYPPRYRPRPLS
PPPPPPLSPPPPPPLSPPPPRPLSRPRPRPLS
RRRRRPRPRRRRRPRPRRRRYPPPPPPPPPPS
RRRRRRRRRRRRRRRPRRRRRRRPYYYLYLLS
RRRYRRRYRRRYRYYPRRRYRYYLRYYLLLLS
LRPPPPLSLRPPPPLSPPPPPPPPPPPPPPLS
RPPSRPPSRPPSRPPSRPYPYPPSYPYPPPLS
RPLSRPLSYPYPYPPSYPYPYPPSYPYPPPPS
RRRRRPRPRRRPYLLSRRRRRRRPRRRPYLLS
LRPPLRPPPPPPPPPPPPPPPPPPYPYPYLLS
RRPPRRPPRRPPRPLSRRRPRRRPRRRPRPLS
YPLSRPLSRPLSRPLSLLLSLLLSRRRPLLLS
PPPPPPPSPPPPPPPSPPPPPPLSRPYPYPLS
RPRPYPYPYPPPPPPPPPPPPPPPPPPPPPPS
