PRRRRRRRRRRRRRRRPPPPPRRSSSSSSSSS
PPPPRRRRRRRRRRRRPPPPSSSSSSSSSSSS
PRRRRRRRRRRRRRRRPRRRRRSSSSSSSSSS
PRRRRRRRRRRRRRRRPRRRRRRRPPPPPPPS
PRRRRRRRRRRRRRRRPPPPPPRRPSSSSSSS
PRRRRRRRRRRRRRRRPPPRRRRRPPPPPSSS
PRRRRRRRRRRRRRRRPRRRRRRRPRRRPPPS
PPPPPPPPPPPPPPRRPPPSSSSSSSSSSSSS
PRRRRRRRRRRRRRRRPPPRRRRRPPPPPPSS
PRRRRRRRRRRRRRRRPPPPPRRRPSSSSSSS
PRRRRRRRRRRRRRRRPPRRSSSSSSSSSSSS
PPPPPRRRRRRRRRRRPPPPPPPPPSSSSSSS
PPPPRRRRRRRRRRRRPPPPPPPPPPSSSSSS
PRRRRRRRRRRRRRRRPRRRRRRRPRRSSSSS
PRRRRRRRRRRRRRRRPRRRRRRRPRRRPRPS
PRRRRRRRRRRRRRRRPPPPPPRRPSSSSSSS
PRRRRRRRRRRRRRRRPRRRRSSSSSSSSSSS
PRRRRRRRRRRRRRRRPRRRRRRRPRRSSSSS
PRRRRRRRRRRRRRRRPRRRRRRRPPPRPPPS
PRRRRRRRRRRRRRRRPRRRRRRRPPPRPSSS
PPPPPPPPPPPRRRRRSSSSSSSSSSSSSSSS
PRRRRRRRRRRRRRRRPRRRRRRRPPPSSSSS
PPPPPPPRRRRRRRRRPSSSSSSSSSSSSSSS
PRRRRRRRRRRRRRRRPRRRRRRRPPPPPPSS
PPPPPRRRRRRRRRRRPPPSSSSSSSSSSSSS
PRRRRRRRRRRRRRRRPPPPRRRSSSSSSSSS
PPPPPPRRRRRRRRRRPPSSSSSSSSSSSSSS
PPPPPPPPPPRRRSSSSSSSSSSSSSSSSSSS
PRRRRRRRRRRRRRRRPPRRSSSSSSSSSSSS
PRRRRRRRRRRRRRRRPPRRRRRRPSSSSSSS
PPPPPPRRRRRSSSSSSSSSSSSSSSSSSSSS
PRRRRRRRRRRRRRRRPRRRRRRRSSSSSSSS
PRRRRRRRRRRRRRRRPPPRRSSSSSSSSSSS
PPRRRRRRRRRRRRRRPPPPPPPSSSSSSSSS
PPPPPPPPPPPPPPPRPPPPPPPPPPPPPPPS
PRRRRRRRRRRRRRRRPRRRRRRRPPRRPPSS
PRRRRRSSSSSSSSSSSSSSSSSSSSSSSSSS
PPPPPPPPPRRSSSSSSSSSSSSSSSSSSSSS
PRRRRRRRRRRRRRRRPPPPRRSSSSSSSSSS
PRRRRRRRRRRRRRRRPRRRRRRRPPPRPPSS
PRRRRRRRRRRRRRRRPPPPPPPPPPPPPSSS
PPPPPPPPPRRRRRRRPPPPPSSSSSSSSSSS
PRRRRRRRRRRRRRRRPPPRRRRRPPPPPPPS
PPPPPRRRRRRRRRRRPPPPPPPPPPSSSSSS
PRRRRRRRRRRRRRRRPPRRRRRSSSSSSSSS
PRRRRRRRRRRRRRRRPRRRRRRRPRSSSSSS
PPRRRRRRRRRRSSSSSSSSSSSSSSSSSSSS
PRRRRRRRRRRRRRRRPRRRRRRRPPPRPSSS
PPPPPRSSSSSSSSSSSSSSSSSSSSSSSSSS
PRRRRRRRRRRRRRRRPRRRRRRRSSSSSSSS
