RRRRRRRPRRRPSSSSRRRRRRRPRRRPPSPS
RRRRRRRPRRRRRRRPRRRRRRRPRRRPRPSS
RRRRRRRRRRRRRRYPRRRRRRYPRRRPRPLS
RRRYRRRYRRRYRYYPRRRYRYYLRYYLLLLS
RRPPRRPPRRRPRPLSRRRPRRRPRRYPYPLS
RPYPYPYPYPYPYPYPYPYPYPYPYPYPYPPS
RYRYRYRYRYRYRYYLRYYYYYYLYLLSYLLS
RRRRRRRPRRRRRRRPRRRYRYYLRYYLYLLS
RRRYRRRYRRRYRYYLRYYLYLLSYYLLLLLS
YYRPYYRPYYRPPPPSYYPPYYYPYYYPYPLS
RPRPRPPSRPRPRPPSRPRPRPRPPPPPYPLS
RRRRRRRRRYRYRRRPRYRYRRRPRYYLLSLS
YPRPRPRPRPRPRRRPRRRPRRRPRRRPLLLS
RPRPRPRPRPRPRPRPRPRPRPRPRRYPYLLS
YPYPYPRPRPRPRPRPRPRPRPRPRPRPLLLS
RPRPRPRPRPRPRPLSRRRPRRRPRRRPYLLS
RRYPYPSSRRYPYPSSRRYPYLSSRRRPSSSS
RRRPRPPSRRRPRPPSRRRPRPPSRRRPPPPS
PPPPRPRPRPRPRPLSYPYPYPYPYPYPYPLS
LLRRRRPPLLRRRRPPLLRRRRPPRRRPRPLS
RRRYRRRYRRRYRYYLRRRYRYYLRYYLLLLS
RRRRRRRRRRRRRYRPRYRPRPSSRYRPYLSS
RRRRRRRPRRRPPSPSRRRRRRRPRRRPRPLS
RRRRRRYPRPLSRPLSRRRRRRRPLLLSLLLS
RRRRRRRRRYRYRYYPRYRYYYYPYLSSYLLS
RPLSRPLSRPPSRPPSRPPSRPPSRPYPPPPS
LRRPRPPSLRRPRPPSLRPPPPPSLRPPYPLS
RRRPRPPSRRYPYPPSLRYPYPPSLRYPYPPS
RRRRRRRRRRRRRRRPRRRRRRRPPSLSLSLS
RRRRRRRRRRRRRRRPRRRPRPPSRRRPRPLS
RRRRRRRPRRRPLSLSRRRRRRRPRRRPLLLS
LRRPRPSSRRRPRPSSRRRPRPSSRRRPRPSS
RPRPRPRPRPYPYPYPYPYPYPPPPPPPPPPS
RRRRRRRRRRRRRRYPRRRRRRRPRRRPRPLS
RPRPRPRPRPRPYPYPYPYPYPYPYPYPYPPS
RRRRRRRRRRRYRRRPRRRYRRRPYYYLYLLS
RRRYRRRYRRRYRYYLRRYYYYYLYYYLLSLS
RRRRRYRPRRRRRRRPRRRRRRRPRRRPSSSS
RPRPRPPSYPYPYPPSYPYPYPYPYPPPPPPS
LRYPLLLSLRYPLLLSPPPPPPPPPPPPLLPS
RRRRRRRPRRRRRRRPRRRYRYYLRYYLYLLS
YYRPPSPSYYRPPSPSYYRPRPPSYYRPPPPS
RRRRRRRPRPSSRPLSRRRRRRRPRPLSRPLS
RRRRRRRRRRRRRRRPRRRRRRRPYYYLYLLS
LRRRRRRPRPPSRPPSRRRRRRRPRPPSRPPS
RYRYRYRYRYRYRYYLRYRYRYYLYYYLLLLS
PPPSPPPSPPRPRPLSRPRPRPLSRPRPYPLS
SRRPPSPSRRRPPSPSRRRPPSPSRRYPPSPS
RRRRRRRRRRRRRRRPRRRRRRRPYYYLYLLS
RRYPRRYPRRYPRRYPRRYPRRYPRRRPPPPS
