SLSPSRPRLYRPSLYRYYYRYLRYPPSSYSYL
PLRPRLSYSLRLYYSRLSLLPYSRPPPLYYRP
RSLLLRPYLYRRRYRLLYRYLPSLYSLYRLYP
YPYRLLPRLPPLSPYSPSLSRYLPYSYLSRYP
LYYYLSLPSLLPPLPRRYSRLLPYSSPRRLPP
RYPPSSYSLSRPPRYPPLYYRYRYLLRRYSRP
LSLPPSRRLRPSPRRLYPLLSSPPRRSYPRRL
RYSLRYSLYRYYYLPPSSSLPLPYYYLRYSYL
LYPYSRPPLSPYLPLYYRYLSRPRLSPPSPRY
RRLPSLPYLRYPLRPLYLSLPPRPSPYRRLPR
PRRSLRYSLRRLSPYRRLYRPYSYPRSSRRPR
SRRPRSPLRRPLLRYRPSLLPPRPLYSPLPPR
SLLLYSSLSPYSLPRYLLRPYLSPRYPLLSRY
YLLSRRPRYPPLSSPPSRYYPSYRYRRPRLLY
SSRRPPSRPSPSLPSSRSPPPRLPYLSRYYSL
SSRPRYLPLSSSRPSYPLPPYRSPSRYLSYRL
SSLSLSPPPPPYLSRPPPYRYYLPSRYSLPSY
RPLRSPSSSLLPYLSLSSPPLYYRSRLYYYPR
SRLYPPPRLLSYLRSRSSYSRYRPPRLSYLLL
SLLRRRYPPRYRYSYRSYYPLYLSSPRYLLPL
YYYYYSPLRRSPYPRPLSRPPRYSLYSYSRYP
PRRYLPYRRPSPPLYYLSRSLRYYPRLPRPYY
YPRYRLYPRSSPLYYPRRYRRRRPRPRRPSYL
PPYYYYYLRRPPPSPRRPLRLPSYRSPPRSRP
RRSRPYRYRYSSPSPSYPSPSYYLLSYLRRPP
RLLYRPPPSSSLSRYRYPLSLYSPSRYPLLYL
RYYYPYYRLRYSLRSLRLRPYYSYLLLPPLLS
PYRYYLRYSPLLYPSSRLRPYLLPRLRYPYSL
YPPYYPLLLSRPRYLSYRYPYLPYLLSSYPPL
RPLPRPPLPRYRLRYYLRLLLRPRRRYPPLSL
PRYSSYLRYPLSSYYLPRRPRRLRSSLSSRPP
PYPYYSLPSSPRPRRSPLSLPRLYPLLSRPPL
LYPLRPPSPPRRSLPRPRPSPLRPSYRPYSSP
LPPPLYYSYPLRPLSPYRPYSLSRPLSLLLLP
PRRRRYSYLSSLPLLRSRRPSRPPLPPSYYRP
SLRPLPLRRPRPSRRSRPLRPRPYSLPYPRRR
LLLYLLPLSSSLPPLSRPLRLRLRPLRPPPPS
PLRPLSSLLRRPYYPLLSYSRSSRRYYRLYYP
SRRLRYPLLPRLRYPRSSYSPYLLRSPYSLYP
PSPPRYRPSSRYLRRPLSLRPPRPPRSSRRSP
PRYSYRPLYPLYPSLSPPRSSPRRRSLPRLSL
PPYLRRRYPRYYSRLPPRRSLSYPSRYSLYRP
YPYPRYYLYRPRLSRPRPYYPLLPRPPPRLSS
PPRSRPSLLPLPRYRSRYPPRSYRSSRLRYYY
RSPPSPLYYLYSPRLPRRPPPYRLLRYLYLPR
YLYRYRYLLSPYYSRPYPRYYSRRRYPSYLPP
LRRPLPPRLPSPLRSYYPLRSLYLLSSSPLSP
SRRPYYLPRYRPSPYPRRPPYPSLLLPSLSYP
RYRPLLSLSYYYSRYPRLRSPLRLLRPLRLPY
SLPLSRYPRSYSYSRPSSPLRRSYPYPRSYRL
