PZSPLSPRPLRPSLYZYYZPZYLYYPSZLSYL
LZLLPYZRPLSLSZRPSPYRLZRRYPYYYRRY
YLPLPLSSLPLPYSZLRSRYRZPLRZRPRYSZ
ZZRYPLLPRZSLYRSPPPSPYZLYZPYRRPLL
RRZLRZPYPLRYZZLRZRSYYZPRPRSSPPRL
RSPRSPYRZPPSRRRPYZZYRPYLYRSLPSRL
RPYPRYLRYLRYSPLYZZZZRZSLPLRLPPLR
YRRYPRZYRPRSZRPSRPLRYSLSPLSPYPRZ
SZRPSLPLYZPLLRYRPSLLPZPRLYSPLPPZ
ZRRYLSZPLLLPPYZYLSPZYLRPZYSPSYYP
LLSLPRLZZZPRRPZZRLZSZPSSRPZRSRRS
PLSPPYZLSZRYRPPLRPLRLRRSLZSPLRYP
SLYLLYSYPYYZZYPZPYSYLZLRRZZLRPPR
SSPLLLYSSRPPZZPZRPRRZYRLZRRPYSSY
PRLRRZZZYPRLLSZPLPZZLSPZRRPYLRRR
ZLYRYPLZYZYPSRYPLYPZRPSPYLZPLPYL
PRZSRZYSLZRYRPYPSSSPZLYPLRYZYYRP
PSLYPYYZSSYPRPZLRPLLYSLSYLYZPLPP
YRSZRPPLRPSSYRZYPPZRYRPLLYZPZPSS
ZPLSYRYLPYRZZZYZLRYRZRPRSLZPPYYR
RYYLLSLPZLYPSSSLRYZPZPPSZYPLYZZY
LPZYLSSPYLYLPZPLPRRLZSRZLSLSRYRP
PPSRRSYRYRRYZZZYPYPYRZPRPLSYRPPS
ZRLYRZLSZYLRRPRZSLYLYYPYRLYYRYRP
PYSRSLZSPPPZYLZPSRRPYSSPRPZZPSLY
YRPYZLRLLLSLLPZYSZZYRYXSPRXRRYZY
YYRZYPRPPSLSYZPLRZRPZSPZYPPZYZRP
PPRSSLLPYRLYSYZZPLSPYPYRYZYLZZYY
SRPRLRRYYPZPSPPZYRSRRRZSRYPRYPLY
PSPLSSYYRRRPLZRLSLRPPPYRZZRYPYLR
PSPSLZRYSRPYPRRZZPLSLLRPRLRPYZRS
SSYLYLSLRZYRYRLPSPLSPLRZPRLRYSRZ
LLPRSPLPLZRRRPZRLYYRRZYSLRLSPRPP
PPSPLLPLRYPRLRZRRPPRRLZRYLYZZYZZ
YPLZLZPRPYPSYSPPYPRRRYYYZZSPLZPS
YPYYZSYSLSPZPRZLPRYRPSSYPRRYYRPS
RYPPLZLRRZLRZYSZSPPPRPZYYRSZYRLP
LLLYZPSSZRRSRYYPYPPRPZRRSZZSPRZR
PLRRZZZPPRYYRSRPSSRZRSPPSSSLPLZY
ZLYRLPYSRZPYPSLYRSLRZRRPZLYYLYZY
PRRSSYZSZSZZRZSRSSRYPYYSPZSLPRLR
YPYZPZSSZPZSLRPRLRYRYZYYRYSYYLPR
LYLRRZPYYRSLLPPYRYRPSLZPLLZPZRRP
ZYSPLZZRSYYPYZRSRPZZYSPLRSYPSPPY
YZRPRZRPPSZPYLSPZPYLPLZSRLSRPPSY
SSXPPRSZPLRPXPSPRZYSRYYPPZSZLRRP
ZZPLPRRRRPRRYSYPZPPSPLYSPZZZYPRZ
YZZYPYRSSLPZPYYZZSYRSLRYLRZSPPRR
LRSZPPYPYSLPZSSYZZYRYPZYPYLRSSPS
SZPLZYZPYSZSYPLRPSPRLSPRYZLPYZYY
