PSPLLRLSSSRRPPYSPRYLPSLSLSLYYLRP
YSPYSRRLPSPSLRYLSSPRSRPRPYYRLYRY
PYRRSYSLRPLSSYYSSPYPPRLPRSLYPYRS
RYLLLYRYRRPPYYPSYPSLLYRPSYRPRLPL
SYLSPYSRLPSRYPSPRSRYYPSRLSLLPLYL
PRSPLPRYRYRPYLRYLPLPLRPSLRPSPYRY
RRYRRYPLPRSRLPSLRPYPRYLPSPPRRPSY
LRPRYSRSSSPSSYPLYLLPYRRYRPRSPSPY
SRPRSPPPYRSRLLPRSLPSPPRLRYSRYYLP
PPPRLPPYYRRYLRPYPSPPRSRPYSSLPLPR
LRSRYYRLPLLYSYPLPRSYLSLYRYLRPRRS
LSPSPRRRRPLPYSLYSYRYRPPRRSSSRPRY
YPSRYLYYRYPLYLSSLSYYPYRSSPLRSYSR
RSRPRRLRRSLSRPLSLLSSPSLSPRYSRPYP
PLSPPPLPSYSLYPRYPLSRRLPPRPSSPYPS
PLYYSLLLYSRSLYPLYLPRLSRYSSSRPYRS
SYLYYLSLRSSYPLLPSPSYSYYLYRRYSYRP
PPYPRLYRRPSPLLLPSPPYSSYLRRRYLLSY
PLSPPYYYRPSPPLLSLSLRLRPLYRSSRPRY
YLPLYPRRRLSPYRSPRPYYRPRLYYYLPPSL
RRYYPRYLPLYYSYSLSPSSSRPRYRYSRPRY
RYPRYRPSPSRPSSRPSLLPYSPLPPSRSLLP
PYRYYLLSRPSYLYYYYSRRRYLPSLPPLLLL
LYYYRLRYRYLSPRLLYRLYLPLSPLYRRLYR
RRYRYRPLYSYPSSLSRYPLRSYRRRYPYYPS
SYRYLSLYYYPPYRYYLPRYYRRYLPRYLSYL
YLPLSSPLPYYYRLRRPRLYYYPRSYPLLLSS
RLLSLSRRRYRPRRPSPLLLYSRSPPPSLYPY
SSYRPLRPRPRLLYRRLLRYRPLRRYLLPPLS
YYPYPLPRLYRPPYSLRLYPLYLSYLPLSYRL
YLRSRPSPSRLPPPSYPSRPLYPSSYLPRYRL
PRLRYLYPRPSSPRRPLYLSLLLLLPRYLRYY
RYPLPRPSRRPYPLSLPLPRSRRPYRLYYPYS
SLRRPPRPSRSPYRLYPRLRLPPRSPRPLPPP
RPLSPYSYYPLSRPSRRRRSPLPRRPPRYLRR
LLPPRYYSRPLRLYSPYSSPYRPLRPYSLSPY
RSLSSYSYSRRPRYSLRRPRLSPSRLLLYPRP
LSYLYRPLYRSLSYYLPLRYLSPRSRPYLRRL
PPYPLRPLYYYLSLPYRPYSRRLRRPLSRLPP
SSPRSLPRRPSRYLYSLLYPPLPRRYPYRRYR
RYRSRRRPPLYRLLSPRYYRPYPSLLPYYPYP
PSRPSPPLRLRYPYYPYPSLSRPLPRSYRYSP
SYRLPPYSSRLSYPLLRPRSPRSPRYRLYYPP
YRSLLRPRYRRPPRSPLSSSRPLSLRSRPPYR
YLYSPPSSSRPRLYYRRRYPYPSPYYLSYLLY
PYLYSYPLYRRLYRPLLSLSPRPPYPYLSYRS
YYSPRLYPSRYRLYLRLLYLSSRPLSSLSYRP
RSRRPPSRRSRRSPRYSPSSRLPPRPPLRPPS
RPYSLSPYLPYPLRYSSLLPPYPSYLLPSLYR
PSSPLPLSSYSPYPYLRYLLSRYRRYRYRPYR
