PSPZLRZYZZLRPPYSPRYLPSYZLSLYYLRP
PRPSRPRLYLLPYSZZRSZRPRZRLZLSLRZS
LYSSRPYLSRLLSYRPLRZSYYPYZRZLYRPZ
SRPZZZRRPRRPRPZRLSSSPZSSLLYSRYPR
PPPPZRRPZPLPLYLSLRZSPYPYZZPRLSPZ
YRZZPSLSYYLSYYLPYPZLYLPSLLZPLYYZ
PLRLRSPPRPSPYYLPYSSZLPYYRRZZYRRZ
PPLLSZYYSZPLRYSPRPYRSLPRZSZPRPRZ
ZZRYLZPRLSRRRSPRYPZRSPLSLLLPLYLS
LRZRRLYLRPPPZRYPRPYLPZSPPRRZRSRL
RSRPRRZRRZYSRPLZPLSYPSLSPYZSRZYP
YLRYZLPRSYZZYLZYZRRPRZLYYLPZSPPR
SYSRZRYPRYLYLZLRRPRSSRLZSRPRLSPL
ZLYPSSSYPPLRSRSZZSPRYLSPPRRYRZSZ
LLRPPRLSLRLYPPRZYSPLYZPZLLPSPRLZ
YZZRZPZSRPYYZYSRPRRSSPSLRSYRRPPL
ZRRYSRPYZRZLZSZZLSLSLSPLLZYPRYYL
YYRLRYPYZZRZRLYRLYLSPZSLYRYLYLPZ
PYSYSRYZYRZYLSZZSRPYSLLSYSPZLYSY
LSLYZZRPRYYLLPYSLRYYZZPYPPRZZYPR
LRRRPRRRZZPPPLPSPPSYRRZRLYPRSSYS
RPLSPRLLYZLLLZYPPYYRYLLPPZSSPSZP
RYRLPSLZRPYZYZLYZYPYZSYSYPZPSSYL
ZZPRYZYLLYSSLYRYZPZYPPPLZPYRRPYR
LZRPYPPLSPPLPZRPSZRYPYPYZLZRPRZL
YPZRZLSRLPPRZZRPPLRYLSSLRRYPYZSY
PLZLYSPYLSYZRPLYLYSLYPZLYSLPZZPR
YSLRPLYLPYZLSLSSSZLRRPYPZSLPLRRP
PPYPZRRLYPZLSLPZRPYSLRZZRPLRRLPP
YLYZZLRPZLPRLRPYSZYZRLRPYPLSLRRP
PRYSZSLRLZYZYZSSZYYSPLPRPZSLLSLS
PSZPPYZZRZPYLRYLZPZPLYSRYPRSPRRY
ZPPZYSYYYZRYYLPYPSZSPRRYZPLSSLSP
LLLPPLZPLSZPRPPLLRSYRPRLRZZRSRZR
YYSPRYYPZRZRZZZRLRYPLSZSSSSPLZRP
YPSSRLPPPPYPYRPSLYYYPRRZPRRZPPYZ
RPSZLSYPRPZRLRRZRLLRRPRLPLRPRPSS
LSPLPYPZZZPYPYLYPRRSPLZRPZSRLRRY
YRPRZSZLYZLYYPYSPZSSSZPYPRRPSZYS
PYPZLLYZSSZPRYLPLZSZRRZLPSYSYPRY
RYSPPLPLZPZPZLYYZPYPLSLLYPYSRSPY
YLSPZPZPZYPLYPYPZLPYLSYZYYYLLRRP
RPPZPRPSRPZYRYZYLYYRSPZPYPLLSYZR
YPSZLLSSPRPYYLZZRYPYZYPZYZZSPRRR
RLZSPRZSPRRRSRLLLSSLRPZPRPRPLZRR
LPRYSPRZYRSZSYPRYRLYLLSLPYZZRXPR
ZRZYYZSYRRRPRRZPPZYLPZLSZPLLLLLL
PPZRSPYLZZYYRRPYZRZPSZSPPYRYSSRL
LPRYZSPRZPPZRPRSPRRRPZSPYSLZPYSR
RZRYYYLLPZPZPZPSSYSSZRZZYSZLYSLY
