PRRRRRRRRRRRRRRRPPRRRRRSSSSSSSSS
PPPPPPPPPPPPPRSSSSSSSSSSSSSSSSSS
PRRRRRRRRRRRRRRRPRRRRRRRPRRRPPSS
PPPPRRRSSSSSSSSSSSSSSSSSSSSSSSSS
PRRRRRRRRRRRRRRRPRRRRRRRPPRRPSSS
PPPPPPPRRRRRRSSSSSSSSSSSSSSSSSSS
PRRRRRRRRRRRRRRRPRRRRRRRPRRRPSSS
PRRRRRRRRRRRRRRRPPPPPPPRPPSSSSSS
PRRRRRRRRRRRRRRRPPPPPPPRSSSSSSSS
PRRRRRRRRRRRRRRRPPRRRRRRPPPPPSSS
PPPPPPPPPPPPPPPRPPSSSSSSSSSSSSSS
PPPPPRRRSSSSSSSSSSSSSSSSSSSSSSSS
PRRRRRRRRSSSSSSSSSSSSSSSSSSSSSSS
PRRRRRRRRRRRRRRRPPPPRRRRPPPPPSSS
PRRRRRRRRRRRRRRRPRRRRRRRPRRRPRSS
PPPPPPPRRRRRRRRRPPPPPPSSSSSSSSSS
PRRRRRRRRRRRSSSSSSSSSSSSSSSSSSSS
PPPPPRRRRRRRRRRRPPPPPPPPPPPPPPSS
PPPPPPPPPPPPRRRSSSSSSSSSSSSSSSSS
PRRRRRRRRRRRRRRRPRRRRRRRPPRRSSSS
PPPPPPRRRRRRRRRRPPPPPPPPPPPPSSSS
PRRRRRRRRRRRRRRRPPPPRRSSSSSSSSSS
PRRRRRRRRRRRRRRRPPRRRRSSSSSSSSSS
PPPPRRRRRRRRRRRRPPPPPPPPPPPPPPPS
PRRRRRRRRRRRRRRRPPPPPPRRPPPPPPSS
PRRRRRRRRRRRRRRRPRRRRRRRPRSSSSSS
PPRRRRRRRRRRRRRRPPPPPPPPPPPPSSSS
PRRRRRRRRRRRRRRRPPRRRRRRPPPPPPPS
PPPPPRRRRRRRRRRRPPPPPPPPPPSSSSSS
PPRRRRRRRRRRRRRRPPPPPSSSSSSSSSSS
PRRRRRRRRRRRRRRRPPPPRSSSSSSSSSSS
PRRRRRRRRRRRRRRRPPPRRRRRPSSSSSSS
PPPPPPPRRRRRRRRRSSSSSSSSSSSSSSSS
PRRRRRRRRRRRRRRRPPRRRRSSSSSSSSSS
PRRRRRRRRRRRRRRRPPPPPPPPPPPPPSSS
PPPPPPPPPPPRRRRRPPPPPPPPPPPSSSSS
PPPPPPPPPPPRRRRRPPPPPPSSSSSSSSSS
PPPPPPRRRRRRRRRRPPPPPPPPPPPPPPPS
PRRRRRRRRRRRRRRRPPPPPPPRPPPPPSSS
PRRRRRRRRRRRRRRRPPRRRRSSSSSSSSSS
PRRRRRRRRRRRRRRRSSSSSSSSSSSSSSSS
PPPPPRRRRRRRRRRRPPPPPPPPPPPPPPPS
PRRRRRRRRRRRRRRRPPPPRRRRSSSSSSSS
PRRRRRRRRRRRRRRRPPPRSSSSSSSSSSSS
PRRRRRRRRRRRRRRRPPRRRRRRPPPSSSSS
PRRRRRRRRRRRRRRRPRRRRRSSSSSSSSSS
PRRRRRRRRRRRRRRRPPPPSSSSSSSSSSSS
PPPPPPPPPPPPPPRRPPPPPPSSSSSSSSSS
PPPRRRRRRRRRRRRRSSSSSSSSSSSSSSSS
PRRRRRRRRRRRRRRRPPPRRRRRPPPPPSSS
